<?xml version="1.0" encoding="UTF-8"?>
<testng-results ignored="0" total="4" passed="4" failed="0" skipped="0">
  <reporter-output>
  </reporter-output>
  <suite started-at="2024-04-29T12:10:13 IST" name="petSuite" finished-at="2024-04-29T12:10:24 IST" duration-ms="10920">
    <groups>
    </groups>
    <test started-at="2024-04-29T12:10:13 IST" name="petTest" finished-at="2024-04-29T12:10:24 IST" duration-ms="10920">
      <class name="api.test.usertests2">
        <test-method is-config="true" signature="setup()[pri:0, instance:api.test.usertests2@5e0826e7]" started-at="2024-04-29T12:10:13 IST" name="setup" finished-at="2024-04-29T12:10:14 IST" duration-ms="921" status="PASS">
          <reporter-output>
          </reporter-output>
        </test-method> <!-- setup -->
        <test-method signature="testPostUser()[pri:1, instance:api.test.usertests2@5e0826e7]" started-at="2024-04-29T12:10:14 IST" name="testPostUser" finished-at="2024-04-29T12:10:18 IST" duration-ms="3806" status="PASS">
          <reporter-output>
          </reporter-output>
        </test-method> <!-- testPostUser -->
        <test-method signature="getUserByName()[pri:2, instance:api.test.usertests2@5e0826e7]" started-at="2024-04-29T12:10:18 IST" name="getUserByName" finished-at="2024-04-29T12:10:19 IST" duration-ms="1517" status="PASS">
          <reporter-output>
          </reporter-output>
        </test-method> <!-- getUserByName -->
        <test-method signature="updateUserByName()[pri:3, instance:api.test.usertests2@5e0826e7]" started-at="2024-04-29T12:10:19 IST" name="updateUserByName" finished-at="2024-04-29T12:10:22 IST" duration-ms="2766" status="PASS">
          <reporter-output>
          </reporter-output>
        </test-method> <!-- updateUserByName -->
        <test-method signature="testdeleteUserByName()[pri:4, instance:api.test.usertests2@5e0826e7]" started-at="2024-04-29T12:10:22 IST" name="testdeleteUserByName" finished-at="2024-04-29T12:10:24 IST" duration-ms="1426" status="PASS">
          <reporter-output>
          </reporter-output>
        </test-method> <!-- testdeleteUserByName -->
      </class> <!-- api.test.usertests2 -->
    </test> <!-- petTest -->
  </suite> <!-- petSuite -->
</testng-results>
