<?xml version="1.0" encoding="UTF-8"?>
<testsuite xmlns:xsi="http://www.w3.org/2001/XMLSchema-instance" xsi:noNamespaceSchemaLocation="https://maven.apache.org/surefire/maven-surefire-plugin/xsd/surefire-test-report-3.0.xsd" version="3.0" name="TestSuite" time="13.45" tests="4" errors="0" skipped="0" failures="0">
  <properties>
[...]
</properties>
  <testcase name="testPostUser" classname="api.test.usertests2" time="3.94">
    <system-out><![CDATA[HTTP/1.1 200 OK
Date: Mon, 29 Apr 2024 06:40:07 GMT
Content-Type: application/json
Transfer-Encoding: chunked
Connection: keep-alive
Access-Control-Allow-Origin: *
Access-Control-Allow-Methods: GET, POST, DELETE, PUT
Access-Control-Allow-Headers: Content-Type, api_key, Authorization
Server: Jetty(9.2.9.v20150224)

{
    "code": 200,
    "type": "unknown",
    "message": "1564698139"
}
]]></system-out>
    <system-err><![CDATA[SLF4J: Failed to load class "org.slf4j.impl.StaticLoggerBinder".
SLF4J: Defaulting to no-operation (NOP) logger implementation
SLF4J: See http://www.slf4j.org/codes.html#StaticLoggerBinder for further details.
]]></system-err>
  </testcase>
  <testcase name="getUserByName" classname="api.test.usertests2" time="1.449">
    <system-out><![CDATA[HTTP/1.1 200 OK
Date: Mon, 29 Apr 2024 06:40:08 GMT
Content-Type: application/json
Transfer-Encoding: chunked
Connection: keep-alive
Access-Control-Allow-Origin: *
Access-Control-Allow-Methods: GET, POST, DELETE, PUT
Access-Control-Allow-Headers: Content-Type, api_key, Authorization
Server: Jetty(9.2.9.v20150224)

{
    "id": 1564698139,
    "username": "sonya.mann",
    "firstName": "Nichol",
    "lastName": "Hessel",
    "email": "maryln.weber@example.com",
    "password": "hcvh3kxuh",
    "phone": "(741) 040-9919",
    "userStatus": 0
}
]]></system-out>
  </testcase>
  <testcase name="updateUserByName" classname="api.test.usertests2" time="2.737">
    <system-out><![CDATA[{
    "code": 200,
    "type": "unknown",
    "message": "1564698139"
}
{
    "id": 1564698139,
    "username": "sonya.mann",
    "firstName": "Doyle",
    "lastName": "Watsica",
    "email": "annita.huel@example.com",
    "password": "hcvh3kxuh",
    "phone": "(741) 040-9919",
    "userStatus": 0
}
]]></system-out>
  </testcase>
  <testcase name="testdeleteUserByName" classname="api.test.usertests2" time="1.422"/>
</testsuite>