<?xml version="1.0" encoding="UTF-8"?>
<testng-results ignored="0" total="4" passed="4" failed="0" skipped="0">
  <reporter-output>
  </reporter-output>
  <suite started-at="2024-04-29T11:27:15 IST" name="petSuite" finished-at="2024-04-29T11:27:26 IST" duration-ms="10647">
    <groups>
    </groups>
    <test started-at="2024-04-29T11:27:15 IST" name="petTest" finished-at="2024-04-29T11:27:26 IST" duration-ms="10647">
      <class name="api.test.usertests2">
        <test-method is-config="true" signature="setup()[pri:0, instance:api.test.usertests2@13c9d689]" started-at="2024-04-29T11:27:16 IST" name="setup" finished-at="2024-04-29T11:27:16 IST" duration-ms="836" status="PASS">
          <reporter-output>
          </reporter-output>
        </test-method> <!-- setup -->
        <test-method signature="testPostUser()[pri:1, instance:api.test.usertests2@13c9d689]" started-at="2024-04-29T11:27:16 IST" name="testPostUser" finished-at="2024-04-29T11:27:20 IST" duration-ms="3639" status="PASS">
          <reporter-output>
          </reporter-output>
        </test-method> <!-- testPostUser -->
        <test-method signature="getUserByName()[pri:2, instance:api.test.usertests2@13c9d689]" started-at="2024-04-29T11:27:20 IST" name="getUserByName" finished-at="2024-04-29T11:27:22 IST" duration-ms="1432" status="PASS">
          <reporter-output>
          </reporter-output>
        </test-method> <!-- getUserByName -->
        <test-method signature="updateUserByName()[pri:3, instance:api.test.usertests2@13c9d689]" started-at="2024-04-29T11:27:22 IST" name="updateUserByName" finished-at="2024-04-29T11:27:25 IST" duration-ms="3065" status="PASS">
          <reporter-output>
          </reporter-output>
        </test-method> <!-- updateUserByName -->
        <test-method signature="testdeleteUserByName()[pri:4, instance:api.test.usertests2@13c9d689]" started-at="2024-04-29T11:27:25 IST" name="testdeleteUserByName" finished-at="2024-04-29T11:27:26 IST" duration-ms="1261" status="PASS">
          <reporter-output>
          </reporter-output>
        </test-method> <!-- testdeleteUserByName -->
      </class> <!-- api.test.usertests2 -->
    </test> <!-- petTest -->
  </suite> <!-- petSuite -->
</testng-results>
