<?xml version="1.0" encoding="UTF-8"?>
<!-- Generated by org.testng.reporters.JUnitXMLReporter -->
<testsuite ignored="0" hostname="WINAA5CD335LPJD" failures="0" tests="4" name="petTest" time="10.92" errors="0" timestamp="2024-04-29T12:10:25 IST">
  <testcase classname="api.test.usertests2" name="testPostUser" time="3.806"/>
  <testcase classname="api.test.usertests2" name="getUserByName" time="1.517"/>
  <testcase classname="api.test.usertests2" name="updateUserByName" time="2.766"/>
  <testcase classname="api.test.usertests2" name="testdeleteUserByName" time="1.426"/>
</testsuite> <!-- petTest -->
