<?xml version="1.0" encoding="UTF-8"?>
<!-- Generated by org.testng.reporters.JUnitXMLReporter -->
<testsuite ignored="0" hostname="WINAA5CD335LPJD" failures="0" tests="4" name="petTest" time="10.647" errors="0" timestamp="2024-04-29T11:27:26 IST">
  <testcase classname="api.test.usertests2" name="testPostUser" time="3.639"/>
  <testcase classname="api.test.usertests2" name="getUserByName" time="1.432"/>
  <testcase classname="api.test.usertests2" name="updateUserByName" time="3.065"/>
  <testcase classname="api.test.usertests2" name="testdeleteUserByName" time="1.261"/>
</testsuite> <!-- petTest -->
